<?xml version="1.0" encoding="UTF-8"?>
<!-- Generated by org.testng.reporters.JUnitReportReporter -->
<testsuite hostname="DESKTOP-ITT84LQ" name="cucumberRunnerTest.TestRunner" tests="2" failures="0" timestamp="6 Mar 2020 03:05:00 GMT" time="89.454" errors="2">
  <testcase name="feature" time="0.002" classname="cucumberRunnerTest.TestRunner">
    <error type="org.openqa.selenium.WebDriverException" message="An unknown server-side error occurred while processing the command. Original error: Device 4200cc386a65847f was not in the list of connected devices
Build info: version: &#039;3.7.0&#039;, revision: &#039;2321c73&#039;, time: &#039;2017-11-02T22:22:35.584Z&#039;
System info: host: &#039;DESKTOP-ITT84LQ&#039;, ip: &#039;192.168.43.49&#039;, os.name: &#039;Windows 10&#039;, os.arch: &#039;amd64&#039;, os.version: &#039;10.0&#039;, java.version: &#039;1.8.0_241&#039;
Driver info: driver.version: AndroidDriver
remote stacktrace: UnknownError: An unknown server-side error occurred while processing the command. Original error: Device 4200cc386a65847f was not in the list of connected devices
    at getResponseForW3CError (C:\Users\OK\AppData\Local\appium-desktop\app-1.10.0\resources\app\node_modules\appium-base-driver\lib\protocol\errors.js:826:9)
    at asyncHandler (C:\Users\OK\AppData\Local\appium-desktop\app-1.10.0\resources\app\node_modules\appium-base-driver\lib\protocol\protocol.js:447:37)
    at process._tickCallback (internal/process/next_tick.js:68:7)">
      <![CDATA[org.openqa.selenium.WebDriverException: An unknown server-side error occurred while processing the command. Original error: Device 4200cc386a65847f was not in the list of connected devices
Build info: version: '3.7.0', revision: '2321c73', time: '2017-11-02T22:22:35.584Z'
System info: host: 'DESKTOP-ITT84LQ', ip: '192.168.43.49', os.name: 'Windows 10', os.arch: 'amd64', os.version: '10.0', java.version: '1.8.0_241'
Driver info: driver.version: AndroidDriver
remote stacktrace: UnknownError: An unknown server-side error occurred while processing the command. Original error: Device 4200cc386a65847f was not in the list of connected devices
    at getResponseForW3CError (C:\Users\OK\AppData\Local\appium-desktop\app-1.10.0\resources\app\node_modules\appium-base-driver\lib\protocol\errors.js:826:9)
    at asyncHandler (C:\Users\OK\AppData\Local\appium-desktop\app-1.10.0\resources\app\node_modules\appium-base-driver\lib\protocol\protocol.js:447:37)
    at process._tickCallback (internal/process/next_tick.js:68:7)
	at sun.reflect.NativeConstructorAccessorImpl.newInstance0(Native Method)
	at sun.reflect.NativeConstructorAccessorImpl.newInstance(NativeConstructorAccessorImpl.java:62)
	at sun.reflect.DelegatingConstructorAccessorImpl.newInstance(DelegatingConstructorAccessorImpl.java:45)
	at java.lang.reflect.Constructor.newInstance(Constructor.java:423)
	at org.openqa.selenium.remote.W3CHandshakeResponse.lambda$new$0(W3CHandshakeResponse.java:57)
	at org.openqa.selenium.remote.W3CHandshakeResponse.lambda$getResponseFunction$2(W3CHandshakeResponse.java:104)
	at org.openqa.selenium.remote.ProtocolHandshake.lambda$createSession$0(ProtocolHandshake.java:123)
	at java.util.stream.ReferencePipeline$3$1.accept(ReferencePipeline.java:193)
	at java.util.Spliterators$ArraySpliterator.tryAdvance(Spliterators.java:958)
	at java.util.stream.ReferencePipeline.forEachWithCancel(ReferencePipeline.java:126)
	at java.util.stream.AbstractPipeline.copyIntoWithCancel(AbstractPipeline.java:499)
	at java.util.stream.AbstractPipeline.copyInto(AbstractPipeline.java:486)
	at java.util.stream.AbstractPipeline.wrapAndCopyInto(AbstractPipeline.java:472)
	at java.util.stream.FindOps$FindOp.evaluateSequential(FindOps.java:152)
	at java.util.stream.AbstractPipeline.evaluate(AbstractPipeline.java:234)
	at java.util.stream.ReferencePipeline.findFirst(ReferencePipeline.java:464)
	at org.openqa.selenium.remote.ProtocolHandshake.createSession(ProtocolHandshake.java:126)
	at org.openqa.selenium.remote.ProtocolHandshake.createSession(ProtocolHandshake.java:73)
	at org.openqa.selenium.remote.HttpCommandExecutor.execute(HttpCommandExecutor.java:142)
	at io.appium.java_client.remote.AppiumCommandExecutor.execute(AppiumCommandExecutor.java:69)
	at org.openqa.selenium.remote.RemoteWebDriver.execute(RemoteWebDriver.java:600)
	at io.appium.java_client.DefaultGenericMobileDriver.execute(DefaultGenericMobileDriver.java:40)
	at io.appium.java_client.AppiumDriver.execute(AppiumDriver.java:1)
	at io.appium.java_client.android.AndroidDriver.execute(AndroidDriver.java:1)
	at org.openqa.selenium.remote.RemoteWebDriver.startSession(RemoteWebDriver.java:219)
	at org.openqa.selenium.remote.RemoteWebDriver.<init>(RemoteWebDriver.java:142)
	at io.appium.java_client.DefaultGenericMobileDriver.<init>(DefaultGenericMobileDriver.java:36)
	at io.appium.java_client.AppiumDriver.<init>(AppiumDriver.java:114)
	at io.appium.java_client.AppiumDriver.<init>(AppiumDriver.java:132)
	at io.appium.java_client.android.AndroidDriver.<init>(AndroidDriver.java:92)
	at cucumberRunnerTest.TestRunner.setup(TestRunner.java:67)
	at sun.reflect.NativeMethodAccessorImpl.invoke0(Native Method)
	at sun.reflect.NativeMethodAccessorImpl.invoke(NativeMethodAccessorImpl.java:62)
	at sun.reflect.DelegatingMethodAccessorImpl.invoke(DelegatingMethodAccessorImpl.java:43)
	at java.lang.reflect.Method.invoke(Method.java:498)
	at org.testng.internal.MethodInvocationHelper.invokeMethod(MethodInvocationHelper.java:86)
	at org.testng.internal.Invoker.invokeConfigurationMethod(Invoker.java:514)
	at org.testng.internal.Invoker.invokeConfigurations(Invoker.java:215)
	at org.testng.internal.Invoker.invokeMethod(Invoker.java:589)
	at org.testng.internal.Invoker.invokeTestMethod(Invoker.java:820)
	at org.testng.internal.Invoker.invokeTestMethods(Invoker.java:1128)
	at org.testng.internal.TestMethodWorker.invokeTestMethods(TestMethodWorker.java:129)
	at org.testng.internal.TestMethodWorker.run(TestMethodWorker.java:112)
	at java.util.concurrent.ThreadPoolExecutor.runWorker(ThreadPoolExecutor.java:1149)
	at java.util.concurrent.ThreadPoolExecutor$Worker.run(ThreadPoolExecutor.java:624)
	at java.lang.Thread.run(Thread.java:748)
]]>
    </error>
  </testcase> <!-- feature -->
  <testcase name="feature" time="89.452" classname="cucumberRunnerTest.TestRunner">
    <error type="cucumber.runtime.CucumberException" message="java.lang.NullPointerException">
      <![CDATA[cucumber.runtime.CucumberException: java.lang.NullPointerException
	at cucumber.api.testng.TestNGCucumberRunner.runCucumber(TestNGCucumberRunner.java:69)
	at cucumber.api.testng.AbstractTestNGCucumberTests.feature(AbstractTestNGCucumberTests.java:21)
	at sun.reflect.NativeMethodAccessorImpl.invoke0(Native Method)
	at sun.reflect.NativeMethodAccessorImpl.invoke(NativeMethodAccessorImpl.java:62)
	at sun.reflect.DelegatingMethodAccessorImpl.invoke(DelegatingMethodAccessorImpl.java:43)
	at java.lang.reflect.Method.invoke(Method.java:498)
	at org.testng.internal.MethodInvocationHelper.invokeMethod(MethodInvocationHelper.java:86)
	at org.testng.internal.Invoker.invokeMethod(Invoker.java:643)
	at org.testng.internal.Invoker.invokeTestMethod(Invoker.java:820)
	at org.testng.internal.Invoker.invokeTestMethods(Invoker.java:1128)
	at org.testng.internal.TestMethodWorker.invokeTestMethods(TestMethodWorker.java:129)
	at org.testng.internal.TestMethodWorker.run(TestMethodWorker.java:112)
	at java.util.concurrent.ThreadPoolExecutor.runWorker(ThreadPoolExecutor.java:1149)
	at java.util.concurrent.ThreadPoolExecutor$Worker.run(ThreadPoolExecutor.java:624)
	at java.lang.Thread.run(Thread.java:748)
Caused by: java.lang.NullPointerException
	at com.bookmyshow.pom.base.BasePage.reportFailure(BasePage.java:149)
	at com.bookmyshow.pom.base.BasePage.click(BasePage.java:165)
	at com.bookmyshow.pom.pages.MovieTicketBooking.SelectEngLang(MovieTicketBooking.java:53)
	at stepDefinition.Test_Steps.SelectEngLang(Test_Steps.java:29)
	at ✽.When English is selected as the language(LogIn_Test.feature:8)
]]>
    </error>
  </testcase> <!-- feature -->
</testsuite> <!-- cucumberRunnerTest.TestRunner -->
